<?xml version="1.0" encoding="UTF-8"?>
<!-- Generated by org.testng.reporters.JUnitXMLReporter -->
<testsuite ignored="0" hostname="DESKTOP-7EUDCAL" failures="0" tests="3" name="Default test" time="0.102" errors="0" timestamp="2023-04-16T14:07:49 GMT-04:00">
  <testcase classname="Priority.PriorityTest" name="Cmethod" time="0.024"/>
  <testcase classname="Priority.PriorityTest" name="method" time="0.002"/>
  <testcase classname="Priority.PriorityTest" name="Amethod" time="0.003"/>
</testsuite> <!-- Default test -->
