<?xml version="1.0" encoding="UTF-8"?>
<!-- Generated by org.testng.reporters.JUnitXMLReporter -->
<testsuite ignored="0" hostname="DESKTOP-7EUDCAL" failures="1" tests="3" name="ListenerTest" time="0.073" errors="0" timestamp="2022-08-18T13:44:21 GMT-04:00">
  <testcase classname="Listeners.ListTest" name="test" time="0.008">
    <skipped/>
  </testcase> <!-- test -->
  <testcase classname="Listeners.ListTest" name="test1" time="0.004"/>
  <testcase classname="Listeners.ListTest" name="test2" time="0.002">
    <failure type="java.lang.AssertionError" message="expected [false] but found [true]">
      <![CDATA[java.lang.AssertionError: expected [false] but found [true]
at Listeners.ListTest.test2(ListTest.java:17)
at java.base/java.util.ArrayList.forEach(ArrayList.java:1511)
... Removed 33 stack frames]]>
    </failure>
  </testcase> <!-- test2 -->
</testsuite> <!-- ListenerTest -->
