<?xml version="1.0" encoding="UTF-8"?>
<testng-results ignored="0" total="3" passed="3" failed="0" skipped="0">
  <reporter-output>
  </reporter-output>
  <suite started-at="2023-04-16T14:07:49 GMT-04:00" name="Default suite" finished-at="2023-04-16T14:07:49 GMT-04:00" duration-ms="102">
    <groups>
    </groups>
    <test started-at="2023-04-16T14:07:49 GMT-04:00" name="Default test" finished-at="2023-04-16T14:07:49 GMT-04:00" duration-ms="102">
      <class name="Priority.PriorityTest">
        <test-method signature="Cmethod()[pri:-4, instance:Priority.PriorityTest@41e1e210]" started-at="2023-04-16T14:07:49 GMT-04:00" name="Cmethod" finished-at="2023-04-16T14:07:49 GMT-04:00" duration-ms="24" status="PASS">
          <reporter-output>
          </reporter-output>
        </test-method> <!-- Cmethod -->
        <test-method signature="method()[pri:-3, instance:Priority.PriorityTest@41e1e210]" started-at="2023-04-16T14:07:49 GMT-04:00" name="method" finished-at="2023-04-16T14:07:49 GMT-04:00" duration-ms="2" status="PASS">
          <reporter-output>
          </reporter-output>
        </test-method> <!-- method -->
        <test-method signature="Amethod()[pri:1, instance:Priority.PriorityTest@41e1e210]" started-at="2023-04-16T14:07:49 GMT-04:00" name="Amethod" finished-at="2023-04-16T14:07:49 GMT-04:00" duration-ms="3" status="PASS">
          <reporter-output>
          </reporter-output>
        </test-method> <!-- Amethod -->
      </class> <!-- Priority.PriorityTest -->
    </test> <!-- Default test -->
  </suite> <!-- Default suite -->
</testng-results>
